#
# A fatal error has been detected by the Java Runtime Environment:
#
#  SIGSEGV (0xb) at pc=0x000000010914a14c, pid=26199, tid=0x0000000000001903
#
# JRE version: Java(TM) SE Runtime Environment (8.0_152-b16) (build 1.8.0_152-b16)
# Java VM: Java HotSpot(TM) 64-Bit Server VM (25.152-b16 mixed mode bsd-amd64 compressed oops)
# Problematic frame:
# j  java.util.Collections$UnmodifiableMap.get(Ljava/lang/Object;)Ljava/lang/Object;+5
#
# Failed to write core dump. Core dumps have been disabled. To enable core dumping, try "ulimit -c unlimited" before starting Java again
#
# If you would like to submit a bug report, please visit:
#   http://bugreport.java.com/bugreport/crash.jsp
#

---------------  T H R E A D  ---------------

Current thread (0x00007f8ae2814000):  JavaThread "main" [_thread_in_Java, id=6403, stack(0x000070000c69d000,0x000070000c79d000)]

siginfo: si_signo: 11 (SIGSEGV), si_code: 1 (SEGV_MAPERR), si_addr: 0x0000000802e24150

Registers:
RAX=0x00000007c0007118, RBX=0x0000000000000002, RCX=0x000000077bdd8f68, RDX=0x00000007c001bda8
RSP=0x000070000c79c0a8, RBP=0x000070000c79c100, RSI=0x0000000106104a00, RDI=0x000070000c79c030
R8 =0x000000000000000c, R9 =0x0000000000000000, R10=0x0000000106a160e0, R11=0x000000000000000d
R12=0x0000000000000000, R13=0x0000000802e24150, R14=0x0000000000000001, R15=0x00007f8ae2814000
RIP=0x000000010914a14c, EFLAGS=0x0000000000010202, ERR=0x0000000000000004
  TRAPNO=0x000000000000000e

Top of Stack: (sp=0x000070000c79c0a8)
0x000070000c79c0a8:   000000010912e114 00000007a18d6840
0x000070000c79c0b8:   000000077bdd8f68 000070000c79c0c0
0x000070000c79c0c8:   0000000108a35d5d 000070000c79c118
0x000070000c79c0d8:   0000000108a36ad8 000000011e7a6758
0x000070000c79c0e8:   0000000108a35d70 0000000000000000
0x000070000c79c0f8:   000070000c79c110 000070000c79c160
0x000070000c79c108:   000000010912e114 0000000000000000
0x000070000c79c118:   0000000000000000 000070000c79c120
0x000070000c79c128:   000000011edb0fbd 000070000c79c178
0x000070000c79c138:   0000000108c52498 000000011eeb56c0
0x000070000c79c148:   000000011edb0fe8 000070000c79c110
0x000070000c79c158:   000070000c79c180 00000000ef7bb120
0x000070000c79c168:   000000010a4f5090 0000000000000000
0x000070000c79c178:   0000000000000000 00000007b6833438
0x000070000c79c188:   000000077bcf9530 00000007660cd058
0x000070000c79c198:   0000000760e66da0 00000007a18d6840
0x000070000c79c1a8:   00000007b6833438 000000077bcf9530
0x000070000c79c1b8:   00000007a18d6708 00000007b6833438
0x000070000c79c1c8:   000000077bdd8900 00000007b6833438
0x000070000c79c1d8:   000000010b40104c 000000077bcf9530
0x000070000c79c1e8:   0000000700000000 000000076058f598
0x000070000c79c1f8:   0000000760da4f80 00000000ef79f2a6
0x000070000c79c208:   000000010af9b27c 0000000700000001
0x000070000c79c218:   000000077bcf6c70 000000077bcf6ad8
0x000070000c79c228:   00000007b6832268 00000007c0206788
0x000070000c79c238:   ef79ed8eef79ed5b f6d06687ef79f2a6
0x000070000c79c248:   00000007b6833438 000000077bcf9530
0x000070000c79c258:   00000007a18d63b8 ef6c6f87ef79ed89
0x000070000c79c268:   000000077b637c38 00000007a18d6490
0x000070000c79c278:   00000007b6832448 0000000700000001
0x000070000c79c288:   00000007f80037a3 00000007a184d7e8
0x000070000c79c298:   0000000760e6ce78 0000000000000021 

Instructions: (pc=0x000000010914a14c)
0x000000010914a12c:   00 4d 89 75 18 49 83 c5 30 4c 89 6d e0 44 8b aa
0x000000010914a13c:   20 01 00 00 4e 8d ac ea b8 01 00 00 48 8d 14 da
0x000000010914a14c:   49 8b 5d 00 48 3b c3 74 16 48 85 db 0f 84 e2 02
0x000000010914a15c:   00 00 49 83 c5 10 49 8b 5d 00 48 3b c3 75 ea 45 

Register to memory mapping:

RAX=0x00000007c0007118 is pointing into metadata
RBX=0x0000000000000002 is an unknown value
RCX=0x000000077bdd8f68 is an oop
