#
# A fatal error has been detected by the Java Runtime Environment:
#
#  SIGSEGV (0xb) at pc=0x000000010aa46a88, pid=26425, tid=0x0000000000002703
#
# JRE version: Java(TM) SE Runtime Environment (8.0_152-b16) (build 1.8.0_152-b16)
# Java VM: Java HotSpot(TM) 64-Bit Server VM (25.152-b16 mixed mode bsd-amd64 compressed oops)
# Problematic frame:
# V  [libjvm.dylib+0x536a88]
#
# Failed to write core dump. Core dumps have been disabled. To enable core dumping, try "ulimit -c unlimited" before starting Java again
#
# If you would like to submit a bug report, please visit:
#   http://bugreport.java.com/bugreport/crash.jsp
#

---------------  T H R E A D  ---------------

Current thread (0x00007fe6f8000000):  JavaThread "main" [_thread_in_vm, id=9987, stack(0x0000700009837000,0x0000700009937000)]

siginfo: si_signo: 11 (SIGSEGV), si_code: 0 (unknown), si_addr: 0x0000000000000000

Registers:
RAX=0xd839072ebbca0080, RBX=0xf50d0fccf50d0fb0, RCX=0x00007fe6f6401903, RDX=0x00000007a8687ee0
RSP=0x0000700009935d10, RBP=0x0000700009935d20, RSI=0x00000007a8687ee0, RDI=0xf50d0fccf50d0fb0
R8 =0x00000007a9228db8, R9 =0x0000000000000001, R10=0x00000000f8041dd1, R11=0x0000000000200000
R12=0x0000000000000000, R13=0x0000000000000001, R14=0x00000007a9228e40, R15=0x00007fe6f8000000
RIP=0x000000010aa46a88, EFLAGS=0x0000000000010282, ERR=0x0000000000000000
  TRAPNO=0x000000000000000d

Top of Stack: (sp=0x0000700009935d10)
0x0000700009935d10:   00000007a8687eb0 00000007a9228e40
0x0000700009935d20:   0000700009935d80 000000010a8c0ded
0x0000700009935d30:   00000007a9227270 000000000000003b
0x0000700009935d40:   00000007a9227b68 000000010c6d2e28
0x0000700009935d50:   00000007a9228a60 d839072ebbca0080
0x0000700009935d60:   00007fe6f8000000 0000000000000000
0x0000700009935d70:   00000007a9228e40 00007fe6f8000000
0x0000700009935d80:   0000700009935dd0 000000010a652873
0x0000700009935d90:   00007fe6f64011c0 00007fe6f6401600
0x0000700009935da0:   00007fe6f6401610 00007fe6f64019e8
0x0000700009935db0:   00000000000003d8 00007fe6f8000000
0x0000700009935dc0:   00007fe6f8000000 0000000000000000
0x0000700009935dd0:   0000700009935fb0 000000010b5b895e
0x0000700009935de0:   00000007a87b8d58 0000000000000000
0x0000700009935df0:   0000000000000000 000000004e800000
0x0000700009935e00:   0000000768c4dad0 00000007a9228778
0x0000700009935e10:   0000000000000000 0000000000000000
0x0000700009935e20:   00000000f5244dda 0000000760e4a3e8
0x0000700009935e30:   00000007640806c0 0000000000000000
0x0000700009935e40:   0000000764082380 00000007a92287b8
0x0000700009935e50:   0000000768c4dac0 00000007a9228768
0x0000700009935e60:   cafebabecafebabe 000000010c99e4bc
0x0000700009935e70:   00000007a8918320 00000007a92270b0
0x0000700009935e80:   00000007a9227ca8 000000010cc5eb78
0x0000700009935e90:   00000007a52d1788 0000000000000004
0x0000700009935ea0:   00000007a9228268 0000000700000000
0x0000700009935eb0:   00000007a52dbd78 00000007ec056533
0x0000700009935ec0:   0000000000000021 000000010be822e8
0x0000700009935ed0:   00000007602b29b8 0000000763bbd990
0x0000700009935ee0:   00000007a52d1788 000000010cd5cbbc
0x0000700009935ef0:   00000007602919e0 0000002000000011
0x0000700009935f00:   00000007a52d1788 00000007a92288a8 

Instructions: (pc=0x000000010aa46a88)
0x000000010aa46a68:   b8 e8 c2 5f bc ff 89 d8 48 83 c4 30 5b 41 5c 41
0x000000010aa46a78:   5e 41 5f 5d c3 90 55 48 89 e5 41 56 53 48 89 fb
0x000000010aa46a88:   44 0f b7 33 41 ff c6 44 89 f7 31 f6 e8 21 78 fa
0x000000010aa46a98:   ff 48 89 df 48 89 c6 44 89 f2 e8 ad fd ff ff 48 

Register to memory mapping:

RAX=0xd839072ebbca0080 is an unknown value
RBX=0xf50d0fccf50d0fb0 is an unknown value
RCX=0x00007fe6f6401903 is an unknown value
RDX=0x00000007a8687ee0 is an unknown value
RSP=0x0000700009935d10 is pointing into the stack for thread: 0x00007fe6f8000000
RBP=0x0000700009935d20 is pointing into the stack for thread: 0x00007fe6f8000000
RSI=0x00000007a8687ee0 is an unknown value
RDI=0xf50d0fccf50d0fb0 is an unknown value
R8 =0x00000007a9228db8 is an oop
edu.umd.cs.findbugs.ba.deref.UnconditionalValueDerefSet 
 - klass: 'edu/umd/cs/findbugs/ba/deref/UnconditionalValueDerefSet'
R9 =0x0000000000000001 is an unknown value
R10=0x00000000f8041dd1 is an unknown value
R11=0x0000000000200000 is an unknown value
R12=0x0000000000000000 is an unknown value
R13=0x0000000000000001 is an unknown value
R14=0x00000007a9228e40 is an oop
[J 
 - klass: {type array long}
 - length: 2
R15=0x00007fe6f8000000 is a thread


Stack: [0x0000700009837000,0x0000700009937000],  sp=0x0000700009935d10,  free space=1019k
Native frames: (J=compiled Java code, j=interpreted, Vv=VM code, C=native code)
V  [libjvm.dylib+0x536a88]
V  [libjvm.dylib+0x3b0ded]
V  [libjvm.dylib+0x142873]
v  ~RuntimeStub::throw_class_cast_exception Runtime1 stub
J 9468 C1 edu.umd.cs.findbugs.ba.deref.UnconditionalValueDerefAnalysis.isExceptionEdge(Ledu/umd/cs/findbugs/ba/Edge;)Z (94 bytes) @ 0x000000010c7f092e [0x000000010c7f0780+0x1ae]
J 9466 C1 edu.umd.cs.findbugs.ba.deref.UnconditionalValueDerefAnalysis.meetInto(Ledu/umd/cs/findbugs/ba/deref/UnconditionalValueDerefSet;Ledu/umd/cs/findbugs/ba/Edge;Ledu/umd/cs/findbugs/ba/deref/UnconditionalValueDerefSet;Z)V (524 bytes) @ 0x000000010c737774 [0x000000010c7376e0+0x94]
J 9404 C2 edu.umd.cs.findbugs.ba.npe.NullDerefAndRedundantComparisonFinder.checkEdges(Ledu/umd/cs/findbugs/ba/CFG;Ljava/util/Map;Ljava/util/Map;)V (289 bytes) @ 0x000000010c806184 [0x000000010c805e20+0x364]
J 9936 C2 edu.umd.cs.findbugs.ba.npe.NullDerefAndRedundantComparisonFinder.examineNullValues()V (252 bytes) @ 0x000000010cb34954 [0x000000010cb33960+0xff4]
J 7182 C1 edu.umd.cs.findbugs.ba.npe.NullDerefAndRedundantComparisonFinder.execute()V (264 bytes) @ 0x000000010cc7b51c [0x000000010cc7b240+0x2dc]
J 7583 C1 edu.umd.cs.findbugs.detect.FindNullDeref.analyzeMethod(Ledu/umd/cs/findbugs/ba/ClassContext;Lorg/apache/bcel/classfile/Method;)V (230 bytes) @ 0x000000010cd5fd54 [0x000000010cd5f780+0x5d4]
J 7344 C1 edu.umd.cs.findbugs.detect.FindNullDeref.visitClassContext(Ledu/umd/cs/findbugs/ba/ClassContext;)V (284 bytes) @ 0x000000010b5ce11c [0x000000010b5cde60+0x2bc]
J 4108 C2 edu.umd.cs.findbugs.DetectorToDetector2Adapter.visitClass(Ledu/umd/cs/findbugs/classfile/ClassDescriptor;)V (80 bytes) @ 0x000000010bfd4d08 [0x000000010bfd4980+0x388]
J 8927% C2 edu.umd.cs.findbugs.FindBugs2.analyzeApplication()V (1600 bytes) @ 0x000000010cc39e34 [0x000000010cc394e0+0x954]
j  edu.umd.cs.findbugs.FindBugs2.execute()V+403
j  edu.umd.cs.findbugs.FindBugs.runMain(Ledu/umd/cs/findbugs/IFindBugsEngine;Ledu/umd/cs/findbugs/TextUICommandLine;)V+21
j  edu.umd.cs.findbugs.FindBugs2.main([Ljava/lang/String;)V+55
v  ~StubRoutines::call_stub
V  [libjvm.dylib+0x2ef7b2]
V  [libjvm.dylib+0x326636]
V  [libjvm.dylib+0x31f3ad]
C  [java+0x38d1]  JavaMain+0x9c4
C  [libsystem_pthread.dylib+0x36c1]  _pthread_body+0x154
C  [libsystem_pthread.dylib+0x356d]  _pthread_body+0x0
C  [libsystem_pthread.dylib+0x2c5d]  thread_start+0xd
C  0x0000000000000000

Java frames: (J=compiled Java code, j=interpreted, Vv=VM code)
v  ~RuntimeStub::throw_class_cast_exception Runtime1 stub
J 9468 C1 edu.umd.cs.findbugs.ba.deref.UnconditionalValueDerefAnalysis.isExceptionEdge(Ledu/umd/cs/findbugs/ba/Edge;)Z (94 bytes) @ 0x000000010c7f092e [0x000000010c7f0780+0x1ae]
J 9466 C1 edu.umd.cs.findbugs.ba.deref.UnconditionalValueDerefAnalysis.meetInto(Ledu/umd/cs/findbugs/ba/deref/UnconditionalValueDerefSet;Ledu/umd/cs/findbugs/ba/Edge;Ledu/umd/cs/findbugs/ba/deref/UnconditionalValueDerefSet;Z)V (524 bytes) @ 0x000000010c737774 [0x000000010c7376e0+0x94]
J 9404 C2 edu.umd.cs.findbugs.ba.npe.NullDerefAndRedundantComparisonFinder.checkEdges(Ledu/umd/cs/findbugs/ba/CFG;Ljava/util/Map;Ljava/util/Map;)V (289 bytes) @ 0x000000010c806184 [0x000000010c805e20+0x364]
J 9936 C2 edu.umd.cs.findbugs.ba.npe.NullDerefAndRedundantComparisonFinder.examineNullValues()V (252 bytes) @ 0x000000010cb34954 [0x000000010cb33960+0xff4]
J 7182 C1 edu.umd.cs.findbugs.ba.npe.NullDerefAndRedundantComparisonFinder.execute()V (264 bytes) @ 0x000000010cc7b51c [0x000000010cc7b240+0x2dc]
J 7583 C1 edu.umd.cs.findbugs.detect.FindNullDeref.analyzeMethod(Ledu/umd/cs/findbugs/ba/ClassContext;Lorg/apache/bcel/classfile/Method;)V (230 bytes) @ 0x000000010cd5fd54 [0x000000010cd5f780+0x5d4]
J 7344 C1 edu.umd.cs.findbugs.detect.FindNullDeref.visitClassContext(Ledu/umd/cs/findbugs/ba/ClassContext;)V (284 bytes) @ 0x000000010b5ce11c [0x000000010b5cde60+0x2bc]
J 4108 C2 edu.umd.cs.findbugs.DetectorToDetector2Adapter.visitClass(Ledu/umd/cs/findbugs/classfile/ClassDescriptor;)V (80 bytes) @ 0x000000010bfd4d08 [0x000000010bfd4980+0x388]
J 8927% C2 edu.umd.cs.findbugs.FindBugs2.analyzeApplication()V (1600 bytes) @ 0x000000010cc39e34 [0x000000010cc394e0+0x954]
j  edu.umd.cs.findbugs.FindBugs2.execute()V+403
j  edu.umd.cs.findbugs.FindBugs.runMain(Ledu/umd/cs/findbugs/IFindBugsEngine;Ledu/umd/cs/findbugs/TextUICommandLine;)V+21
j  edu.umd.cs.findbugs.FindBugs2.main([Ljava/lang/String;)V+55
v  ~StubRoutines::call_stub

---------------  P R O C E S S  ---------------

Java Threads: ( => current thread )
  0x00007fe6f787c800 JavaThread "Service Thread" daemon [_thread_blocked, id=14083, stack(0x000070000a45b000,0x000070000a55b000)]
  0x00007fe6f7871000 JavaThread "C1 CompilerThread2" daemon [_thread_blocked, id=13827, stack(0x000070000a358000,0x000070000a458000)]
  0x00007fe6f7870800 JavaThread "C2 CompilerThread1" daemon [_thread_in_native, id=13315, stack(0x000070000a255000,0x000070000a355000)]
  0x00007fe6f7820800 JavaThread "C2 CompilerThread0" daemon [_thread_in_native, id=17923, stack(0x000070000a152000,0x000070000a252000)]
  0x00007fe6f781b800 JavaThread "Signal Dispatcher" daemon [_thread_blocked, id=18439, stack(0x000070000a04f000,0x000070000a14f000)]
  0x00007fe6f6834000 JavaThread "Finalizer" daemon [_thread_blocked, id=11779, stack(0x0000700009f4c000,0x000070000a04c000)]
  0x00007fe6f6831000 JavaThread "Reference Handler" daemon [_thread_blocked, id=11523, stack(0x0000700009e49000,0x0000700009f49000)]
=>0x00007fe6f8000000 JavaThread "main" [_thread_in_vm, id=9987, stack(0x0000700009837000,0x0000700009937000)]

Other Threads:
  0x00007fe6f800a000 VMThread [stack: 0x0000700009d46000,0x0000700009e46000] [id=20995]
  0x00007fe6f7008000 WatcherThread [stack: 0x000070000a55e000,0x000070000a65e000] [id=14339]

VM state:not at safepoint (normal execution)

VM Mutex/Monitor currently owned by a thread: None

Heap:
 PSYoungGen      total 421376K, used 193343K [0x00000007a0000000, 0x00000007bfb80000, 0x00000007c0000000)
  eden space 331264K, 45% used [0x00000007a0000000,0x00000007a94cee08,0x00000007b4380000)
  from space 90112K, 45% used [0x00000007b4380000,0x00000007b6b81180,0x00000007b9b80000)
  to   space 86528K, 0% used [0x00000007ba700000,0x00000007ba700000,0x00000007bfb80000)
 ParOldGen       total 396288K, used 358173K [0x0000000760000000, 0x0000000778300000, 0x00000007a0000000)
  object space 396288K, 90% used [0x0000000760000000,0x0000000775dc7718,0x0000000778300000)
 Metaspace       used 20757K, capacity 20942K, committed 21248K, reserved 1069056K
  class space    used 2188K, capacity 2260K, committed 2304K, reserved 1048576K

Card table byte_map: [0x000000011a4bc000,0x000000011a7bd000] byte_map_base: 0x00000001169bc000

Marking Bits: (ParMarkBitMap*) 0x000000010ae066c0
 Begin Bits: [0x000000011a7bd000, 0x000000011bfbd000)
 End Bits:   [0x000000011bfbd000, 0x000000011d7bd000)

Polling page: 0x00000001095f7000

CodeCache: size=245760Kb used=34289Kb max_used=34340Kb free=211470Kb
 bounds [0x000000010b4bc000, 0x000000010d68c000, 0x000000011a4bc000]
 total_blobs=6899 nmethods=6522 adapters=285
 compilation: enabled

Compilation events (10 events):
Event: 165.217 Thread 0x00007fe6f7871000 10322       3       edu.umd.cs.findbugs.ba.generic.GenericUtilities::getTypeParameters (96 bytes)
Event: 165.218 Thread 0x00007fe6f7871000 nmethod 10322 0x000000010d2499d0 code [0x000000010d249ca0, 0x000000010d24b128]
Event: 165.608 Thread 0x00007fe6f7870800 nmethod 10315 0x000000010d5d9710 code [0x000000010d5db320, 0x000000010d5eaa08]
Event: 165.609 Thread 0x00007fe6f7870800 10323   !   4       edu.umd.cs.findbugs.detect.FindBadCast2::analyzeMethod (3574 bytes)
Event: 165.626 Thread 0x00007fe6f7871000 10325       3       java.util.TimSort::minRunLength (43 bytes)
Event: 165.626 Thread 0x00007fe6f7871000 nmethod 10325 0x000000010d10be90 code [0x000000010d10c000, 0x000000010d10c1f0]
Event: 165.628 Thread 0x00007fe6f7871000 10326   !   3       edu.umd.cs.findbugs.detect.DumbMethods::sawOpcode (5915 bytes)
Event: 165.884 Thread 0x00007fe6f7871000 nmethod 10326 0x000000010d5f6d50 code [0x000000010d5fc1a0, 0x000000010d639958]
Event: 165.919 Thread 0x00007fe6f7820800 nmethod 10263 0x000000010d667f10 code [0x000000010d668960, 0x000000010d672628]
Event: 165.920 Thread 0x00007fe6f7820800 10274 % !   4       edu.umd.cs.findbugs.ba.AssertionMethods::init @ 13 (460 bytes)

GC Heap History (10 events):
Event: 159.690 GC heap before
{Heap before GC invocations=63 (full 2):
 PSYoungGen      total 419840K, used 340288K [0x00000007a0000000, 0x00000007bfd00000, 0x00000007c0000000)
  eden space 317952K, 100% used [0x00000007a0000000,0x00000007b3680000,0x00000007b3680000)
  from space 101888K, 21% used [0x00000007b9980000,0x00000007baf50000,0x00000007bfd00000)
  to   space 101376K, 0% used [0x00000007b3680000,0x00000007b3680000,0x00000007b9980000)
 ParOldGen       total 396288K, used 331288K [0x0000000760000000, 0x0000000778300000, 0x00000007a0000000)
  object space 396288K, 83% used [0x0000000760000000,0x0000000774386070,0x0000000778300000)
 Metaspace       used 20727K, capacity 20942K, committed 21248K, reserved 1069056K
  class space    used 2185K, capacity 2260K, committed 2304K, reserved 1048576K
Event: 159.738 GC heap after
Heap after GC invocations=63 (full 2):
 PSYoungGen      total 419328K, used 17654K [0x00000007a0000000, 0x00000007bfc80000, 0x00000007c0000000)
  eden space 317952K, 0% used [0x00000007a0000000,0x00000007a0000000,0x00000007b3680000)
  from space 101376K, 17% used [0x00000007b3680000,0x00000007b47bdbd0,0x00000007b9980000)
  to   space 99840K, 0% used [0x00000007b9b00000,0x00000007b9b00000,0x00000007bfc80000)
 ParOldGen       total 396288K, used 344360K [0x0000000760000000, 0x0000000778300000, 0x00000007a0000000)
  object space 396288K, 86% used [0x0000000760000000,0x000000077504a2d0,0x0000000778300000)
 Metaspace       used 20727K, capacity 20942K, committed 21248K, reserved 1069056K
  class space    used 2185K, capacity 2260K, committed 2304K, reserved 1048576K
}
Event: 161.343 GC heap before
{Heap before GC invocations=64 (full 2):
 PSYoungGen      total 419328K, used 335606K [0x00000007a0000000, 0x00000007bfc80000, 0x00000007c0000000)
  eden space 317952K, 100% used [0x00000007a0000000,0x00000007b3680000,0x00000007b3680000)
  from space 101376K, 17% used [0x00000007b3680000,0x00000007b47bdbd0,0x00000007b9980000)
  to   space 99840K, 0% used [0x00000007b9b00000,0x00000007b9b00000,0x00000007bfc80000)
 ParOldGen       total 396288K, used 344360K [0x0000000760000000, 0x0000000778300000, 0x00000007a0000000)
  object space 396288K, 86% used [0x0000000760000000,0x000000077504a2d0,0x0000000778300000)
 Metaspace       used 20734K, capacity 20942K, committed 21248K, reserved 1069056K
  class space    used 2185K, capacity 2260K, committed 2304K, reserved 1048576K
Event: 161.376 GC heap after
Heap after GC invocations=64 (full 2):
 PSYoungGen      total 420864K, used 20664K [0x00000007a0000000, 0x00000007bfa80000, 0x00000007c0000000)
  eden space 323072K, 0% used [0x00000007a0000000,0x00000007a0000000,0x00000007b3b80000)
  from space 97792K, 21% used [0x00000007b9b00000,0x00000007baf2e0e0,0x00000007bfa80000)
  to   space 97792K, 0% used [0x00000007b3b80000,0x00000007b3b80000,0x00000007b9b00000)
 ParOldGen       total 396288K, used 353037K [0x0000000760000000, 0x0000000778300000, 0x00000007a0000000)
  object space 396288K, 89% used [0x0000000760000000,0x00000007758c37b0,0x0000000778300000)
 Metaspace       used 20734K, capacity 20942K, committed 21248K, reserved 1069056K
  class space    used 2185K, capacity 2260K, committed 2304K, reserved 1048576K
}
Event: 162.847 GC heap before
{Heap before GC invocations=65 (full 2):
 PSYoungGen      total 420864K, used 343736K [0x00000007a0000000, 0x00000007bfa80000, 0x00000007c0000000)
  eden space 323072K, 100% used [0x00000007a0000000,0x00000007b3b80000,0x00000007b3b80000)
  from space 97792K, 21% used [0x00000007b9b00000,0x00000007baf2e0e0,0x00000007bfa80000)
  to   space 97792K, 0% used [0x00000007b3b80000,0x00000007b3b80000,0x00000007b9b00000)
 ParOldGen       total 396288K, used 353037K [0x0000000760000000, 0x0000000778300000, 0x00000007a0000000)
  object space 396288K, 89% used [0x0000000760000000,0x00000007758c37b0,0x0000000778300000)
 Metaspace       used 20747K, capacity 20942K, committed 21248K, reserved 1069056K
  class space    used 2188K, capacity 2260K, committed 2304K, reserved 1048576K
Event: 162.871 GC heap after
Heap after GC invocations=65 (full 2):
 PSYoungGen      total 420864K, used 19888K [0x00000007a0000000, 0x00000007bfb00000, 0x00000007c0000000)
  eden space 323072K, 0% used [0x00000007a0000000,0x00000007a0000000,0x00000007b3b80000)
  from space 97792K, 20% used [0x00000007b3b80000,0x00000007b4eec010,0x00000007b9b00000)
  to   space 95232K, 0% used [0x00000007b9e00000,0x00000007b9e00000,0x00000007bfb00000)
 ParOldGen       total 396288K, used 358165K [0x0000000760000000, 0x0000000778300000, 0x00000007a0000000)
  object space 396288K, 90% used [0x0000000760000000,0x0000000775dc5718,0x0000000778300000)
 Metaspace       used 20747K, capacity 20942K, committed 21248K, reserved 1069056K
  class space    used 2188K, capacity 2260K, committed 2304K, reserved 1048576K
}
Event: 164.149 GC heap before
{Heap before GC invocations=66 (full 2):
 PSYoungGen      total 420864K, used 342960K [0x00000007a0000000, 0x00000007bfb00000, 0x00000007c0000000)
  eden space 323072K, 100% used [0x00000007a0000000,0x00000007b3b80000,0x00000007b3b80000)
  from space 97792K, 20% used [0x00000007b3b80000,0x00000007b4eec010,0x00000007b9b00000)
  to   space 95232K, 0% used [0x00000007b9e00000,0x00000007b9e00000,0x00000007bfb00000)
 ParOldGen       total 396288K, used 358165K [0x0000000760000000, 0x0000000778300000, 0x00000007a0000000)
  object space 396288K, 90% used [0x0000000760000000,0x0000000775dc5718,0x0000000778300000)
 Metaspace       used 20754K, capacity 20942K, committed 21248K, reserved 1069056K
  class space    used 2188K, capacity 2260K, committed 2304K, reserved 1048576K
Event: 164.186 GC heap after
Heap after GC invocations=66 (full 2):
 PSYoungGen      total 418816K, used 32820K [0x00000007a0000000, 0x00000007bf380000, 0x00000007c0000000)
  eden space 331264K, 0% used [0x00000007a0000000,0x00000007a0000000,0x00000007b4380000)
  from space 87552K, 37% used [0x00000007b9e00000,0x00000007bbe0d190,0x00000007bf380000)
  to   space 90112K, 0% used [0x00000007b4380000,0x00000007b4380000,0x00000007b9b80000)
 ParOldGen       total 396288K, used 358165K [0x0000000760000000, 0x0000000778300000, 0x00000007a0000000)
  object space 396288K, 90% used [0x0000000760000000,0x0000000775dc5718,0x0000000778300000)
 Metaspace       used 20754K, capacity 20942K, committed 21248K, reserved 1069056K
  class space    used 2188K, capacity 2260K, committed 2304K, reserved 1048576K
}
Event: 165.385 GC heap before
{Heap before GC invocations=67 (full 2):
 PSYoungGen      total 418816K, used 364084K [0x00000007a0000000, 0x00000007bf380000, 0x00000007c0000000)
  eden space 331264K, 100% used [0x00000007a0000000,0x00000007b4380000,0x00000007b4380000)
  from space 87552K, 37% used [0x00000007b9e00000,0x00000007bbe0d190,0x00000007bf380000)
  to   space 90112K, 0% used [0x00000007b4380000,0x00000007b4380000,0x00000007b9b80000)
 ParOldGen       total 396288K, used 358165K [0x0000000760000000, 0x0000000778300000, 0x00000007a0000000)
  object space 396288K, 90% used [0x0000000760000000,0x0000000775dc5718,0x0000000778300000)
 Metaspace       used 20757K, capacity 20942K, committed 21248K, reserved 1069056K
  class space    used 2188K, capacity 2260K, committed 2304K, reserved 1048576K
Event: 165.422 GC heap after
Heap after GC invocations=67 (full 2):
 PSYoungGen      total 421376K, used 40964K [0x00000007a0000000, 0x00000007bfb80000, 0x00000007c0000000)
  eden space 331264K, 0% used [0x00000007a0000000,0x00000007a0000000,0x00000007b4380000)
  from space 90112K, 45% used [0x00000007b4380000,0x00000007b6b81180,0x00000007b9b80000)
  to   space 86528K, 0% used [0x00000007ba700000,0x00000007ba700000,0x00000007bfb80000)
 ParOldGen       total 396288K, used 358173K [0x0000000760000000, 0x0000000778300000, 0x00000007a0000000)
  object space 396288K, 90% used [0x0000000760000000,0x0000000775dc7718,0x0000000778300000)
 Metaspace       used 20757K, capacity 20942K, committed 21248K, reserved 1069056K
  class space    used 2188K, capacity 2260K, committed 2304K, reserved 1048576K
}

Deoptimization events (10 events):
Event: 162.525 Thread 0x00007fe6f8000000 Uncommon trap: reason=class_check action=maybe_recompile pc=0x000000010cbfd678 method=edu.umd.cs.findbugs.classfile.engine.bcel.ValueRangeAnalysisFactory.analyze(Ledu/umd/cs/findbugs/classfile/IAnalysisCache;Ledu/umd/cs/findbugs/classfile/MethodDescriptor
Event: 162.525 Thread 0x00007fe6f8000000 Uncommon trap: reason=class_check action=maybe_recompile pc=0x000000010cbfd678 method=edu.umd.cs.findbugs.classfile.engine.bcel.ValueRangeAnalysisFactory.analyze(Ledu/umd/cs/findbugs/classfile/IAnalysisCache;Ledu/umd/cs/findbugs/classfile/MethodDescriptor
Event: 162.542 Thread 0x00007fe6f8000000 Uncommon trap: reason=unstable_if action=reinterpret pc=0x000000010d545ae4 method=edu.umd.cs.findbugs.detect.DumbMethods.sawOpcode(I)V @ 317
Event: 163.230 Thread 0x00007fe6f8000000 Uncommon trap: reason=unstable_if action=reinterpret pc=0x000000010cfb2618 method=edu.umd.cs.findbugs.ba.npe.IsNullValueAnalysis.meetInto(Ledu/umd/cs/findbugs/ba/npe/IsNullValueFrame;Ledu/umd/cs/findbugs/ba/Edge;Ledu/umd/cs/findbugs/ba/npe/IsNullValueFram
Event: 163.284 Thread 0x00007fe6f8000000 Uncommon trap: reason=unstable_if action=reinterpret pc=0x000000010d0dec5c method=edu.umd.cs.findbugs.detect.FindFinalizeInvocations.sawOpcode(I)V @ 102
Event: 163.643 Thread 0x00007fe6f8000000 Uncommon trap: reason=unstable_if action=reinterpret pc=0x000000010d2ac008 method=edu.umd.cs.findbugs.ba.type.TypeAnalysis.handleInstanceOfBranch(Ledu/umd/cs/findbugs/ba/type/TypeFrame;Ledu/umd/cs/findbugs/ba/type/TypeFrame;Ledu/umd/cs/findbugs/ba/Edge;)L
Event: 165.163 Thread 0x00007fe6f8000000 Uncommon trap: reason=bimorphic action=maybe_recompile pc=0x000000010b8f2fec method=java.util.HashMap.removeNode(ILjava/lang/Object;Ljava/lang/Object;ZZ)Ljava/util/HashMap$Node; @ 68
Event: 165.163 Thread 0x00007fe6f8000000 Uncommon trap: reason=bimorphic action=maybe_recompile pc=0x000000010b8f2fec method=java.util.HashMap.removeNode(ILjava/lang/Object;Ljava/lang/Object;ZZ)Ljava/util/HashMap$Node; @ 68
Event: 165.384 Thread 0x00007fe6f8000000 Uncommon trap: reason=null_check action=make_not_entrant pc=0x000000010d5b6034 method=edu.umd.cs.findbugs.detect.FindBadCast2.analyzeMethod(Ledu/umd/cs/findbugs/ba/ClassContext;Lorg/apache/bcel/classfile/Method;)V @ 2630
Event: 165.628 Thread 0x00007fe6f8000000 Uncommon trap: reason=unstable_if action=reinterpret pc=0x000000010d5e7014 method=edu.umd.cs.findbugs.detect.DumbMethods.sawOpcode(I)V @ 953

Classes redefined (0 events):
No events

Internal exceptions (10 events):
Event: 104.298 Thread 0x00007fe6f8000000 Implicit null exception at 0x000000010ceb0fa0 to 0x000000010ceb3519
Event: 104.342 Thread 0x00007fe6f8000000 Implicit null exception at 0x000000010c9214f8 to 0x000000010c9242b1
Event: 113.864 Thread 0x00007fe6f8000000 Implicit null exception at 0x000000010c4a22ac to 0x000000010c4a3c89
Event: 114.013 Thread 0x00007fe6f8000000 Implicit null exception at 0x000000010c7d8028 to 0x000000010c7d899d
Event: 116.147 Thread 0x00007fe6f8000000 Implicit null exception at 0x000000010cebd708 to 0x000000010cec4115
Event: 123.301 Thread 0x00007fe6f8000000 Implicit null exception at 0x000000010bf04660 to 0x000000010bf06bdd
Event: 128.272 Thread 0x00007fe6f8000000 Implicit null exception at 0x000000010cf56a47 to 0x000000010cf586bd
Event: 134.255 Thread 0x00007fe6f8000000 Implicit null exception at 0x000000010c20ea24 to 0x000000010c21045d
Event: 145.963 Thread 0x00007fe6f8000000 Implicit null exception at 0x000000010d0f20ba to 0x000000010d0f2b41
Event: 165.384 Thread 0x00007fe6f8000000 Implicit null exception at 0x000000010d5ac2e8 to 0x000000010d5b5f85

Events (10 events):
Event: 165.526 Thread 0x00007fe6f8000000 DEOPT UNPACKING pc=0x000000010b503633 sp=0x0000700009935c10 mode 0
Event: 165.532 Thread 0x00007fe6f8000000 DEOPT PACKING pc=0x000000010cea71f1 sp=0x0000700009935eb0
Event: 165.532 Thread 0x00007fe6f8000000 DEOPT UNPACKING pc=0x000000010b503633 sp=0x0000700009935c58 mode 0
Event: 165.628 Thread 0x00007fe6f8000000 Uncommon trap: trap_request=0xffffff65 fr.pc=0x000000010d5e7014
Event: 165.628 Thread 0x00007fe6f8000000 DEOPT PACKING pc=0x000000010d5e7014 sp=0x00007000099362b0
Event: 165.628 Thread 0x00007fe6f8000000 DEOPT UNPACKING pc=0x000000010b4c1229 sp=0x00007000099362b8 mode 2
Event: 165.743 Thread 0x00007fe6f8000000 DEOPT PACKING pc=0x000000010cb0fd2e sp=0x0000700009936050
Event: 165.744 Thread 0x00007fe6f8000000 DEOPT UNPACKING pc=0x000000010b503633 sp=0x0000700009935cc0 mode 0
Event: 165.744 Thread 0x00007fe6f8000000 DEOPT PACKING pc=0x000000010cb0fd2e sp=0x0000700009936050
Event: 165.744 Thread 0x00007fe6f8000000 DEOPT UNPACKING pc=0x000000010b503633 sp=0x0000700009935cc0 mode 0


Dynamic libraries:
0x000000000f08e000 	/System/Library/Frameworks/Cocoa.framework/Versions/A/Cocoa
0x000000000f08e000 	/System/Library/Frameworks/Security.framework/Versions/A/Security
0x000000000f08e000 	/System/Library/Frameworks/ApplicationServices.framework/Versions/A/ApplicationServices
0x000000000f08e000 	/usr/lib/libz.1.dylib
0x000000000f08e000 	/usr/lib/libSystem.B.dylib
0x000000000f08e000 	/usr/lib/libobjc.A.dylib
0x000000000f08e000 	/System/Library/Frameworks/CoreFoundation.framework/Versions/A/CoreFoundation
0x000000000f08e000 	/System/Library/Frameworks/Foundation.framework/Versions/C/Foundation
0x000000000f08e000 	/System/Library/Frameworks/AppKit.framework/Versions/C/AppKit
0x000000000f08e000 	/System/Library/Frameworks/CoreData.framework/Versions/A/CoreData
0x000000000f08e000 	/System/Library/PrivateFrameworks/RemoteViewServices.framework/Versions/A/RemoteViewServices
0x000000000f08e000 	/System/Library/PrivateFrameworks/UIFoundation.framework/Versions/A/UIFoundation
0x000000000f08e000 	/System/Library/PrivateFrameworks/DFRFoundation.framework/Versions/A/DFRFoundation
0x000000000f08e000 	/System/Library/Frameworks/Metal.framework/Versions/A/Metal
0x000000000f08e000 	/System/Library/PrivateFrameworks/DesktopServicesPriv.framework/Versions/A/DesktopServicesPriv
0x000000000f08e000 	/usr/lib/libenergytrace.dylib
0x000000000f08e000 	/System/Library/PrivateFrameworks/SkyLight.framework/Versions/A/SkyLight
0x000000000f08e000 	/System/Library/Frameworks/CoreGraphics.framework/Versions/A/CoreGraphics
0x000000000f08e000 	/usr/lib/libScreenReader.dylib
0x000000000f08e000 	/System/Library/Frameworks/Accelerate.framework/Versions/A/Accelerate
0x000000000f08e000 	/System/Library/Frameworks/IOSurface.framework/Versions/A/IOSurface
0x000000000f08e000 	/System/Library/Frameworks/AudioToolbox.framework/Versions/A/AudioToolbox
0x000000000f08e000 	/System/Library/Frameworks/AudioUnit.framework/Versions/A/AudioUnit
0x000000000f08e000 	/System/Library/PrivateFrameworks/DataDetectorsCore.framework/Versions/A/DataDetectorsCore
0x000000000f08e000 	/System/Library/Frameworks/Carbon.framework/Versions/A/Frameworks/HIToolbox.framework/Versions/A/HIToolbox
0x000000000f08e000 	/usr/lib/libicucore.A.dylib
0x000000000f08e000 	/System/Library/Frameworks/QuartzCore.framework/Versions/A/QuartzCore
0x000000000f08e000 	/System/Library/Frameworks/Carbon.framework/Versions/A/Frameworks/SpeechRecognition.framework/Versions/A/SpeechRecognition
0x000000000f08e000 	/usr/lib/libauto.dylib
0x000000000f08e000 	/usr/lib/libxml2.2.dylib
0x000000000f08e000 	/System/Library/PrivateFrameworks/CoreUI.framework/Versions/A/CoreUI
0x000000000f08e000 	/System/Library/Frameworks/CoreAudio.framework/Versions/A/CoreAudio
0x000000000f08e000 	/System/Library/Frameworks/DiskArbitration.framework/Versions/A/DiskArbitration
0x000000000f08e000 	/usr/lib/liblangid.dylib
0x000000000f08e000 	/System/Library/PrivateFrameworks/MultitouchSupport.framework/Versions/A/MultitouchSupport
0x000000000f08e000 	/System/Library/Frameworks/IOKit.framework/Versions/A/IOKit
0x000000000f08e000 	/usr/lib/libDiagnosticMessagesClient.dylib
0x000000000f08e000 	/System/Library/Frameworks/CoreServices.framework/Versions/A/CoreServices
0x000000000f08e000 	/System/Library/PrivateFrameworks/PerformanceAnalysis.framework/Versions/A/PerformanceAnalysis
0x000000000f08e000 	/System/Library/Frameworks/OpenGL.framework/Versions/A/OpenGL
0x000000000f08e000 	/System/Library/Frameworks/ColorSync.framework/Versions/A/ColorSync
0x000000000f08e000 	/System/Library/Frameworks/CoreImage.framework/Versions/A/CoreImage
0x000000000f08e000 	/System/Library/Frameworks/CoreText.framework/Versions/A/CoreText
0x000000000f08e000 	/System/Library/Frameworks/ImageIO.framework/Versions/A/ImageIO
0x000000000f08e000 	/System/Library/PrivateFrameworks/Backup.framework/Versions/A/Backup
0x000000000f08e000 	/usr/lib/libarchive.2.dylib
0x000000000f08e000 	/System/Library/Frameworks/CFNetwork.framework/Versions/A/CFNetwork
0x000000000f08e000 	/System/Library/Frameworks/SystemConfiguration.framework/Versions/A/SystemConfiguration
0x000000000f08e000 	/usr/lib/libCRFSuite.dylib
0x000000000f08e000 	/usr/lib/libc++.1.dylib
0x000000000f08e000 	/usr/lib/libc++abi.dylib
0x000000000f08e000 	/usr/lib/system/libcache.dylib
0x000000000f08e000 	/usr/lib/system/libcommonCrypto.dylib
0x000000000f08e000 	/usr/lib/system/libcompiler_rt.dylib
0x000000000f08e000 	/usr/lib/system/libcopyfile.dylib
0x000000000f08e000 	/usr/lib/system/libcorecrypto.dylib
0x000000000f08e000 	/usr/lib/system/libdispatch.dylib
0x000000000f08e000 	/usr/lib/system/libdyld.dylib
0x000000000f08e000 	/usr/lib/system/libkeymgr.dylib
0x000000000f08e000 	/usr/lib/system/liblaunch.dylib
0x000000000f08e000 	/usr/lib/system/libmacho.dylib
0x000000000f08e000 	/usr/lib/system/libquarantine.dylib
0x000000000f08e000 	/usr/lib/system/libremovefile.dylib
0x000000000f08e000 	/usr/lib/system/libsystem_asl.dylib
0x000000000f08e000 	/usr/lib/system/libsystem_blocks.dylib
0x000000000f08e000 	/usr/lib/system/libsystem_c.dylib
0x000000000f08e000 	/usr/lib/system/libsystem_configuration.dylib
0x000000000f08e000 	/usr/lib/system/libsystem_coreservices.dylib
0x000000000f08e000 	/usr/lib/system/libsystem_darwin.dylib
0x000000000f08e000 	/usr/lib/system/libsystem_dnssd.dylib
0x000000000f08e000 	/usr/lib/system/libsystem_info.dylib
0x000000000f08e000 	/usr/lib/system/libsystem_m.dylib
0x000000000f08e000 	/usr/lib/system/libsystem_malloc.dylib
0x000000000f08e000 	/usr/lib/system/libsystem_network.dylib
0x000000000f08e000 	/usr/lib/system/libsystem_networkextension.dylib
0x000000000f08e000 	/usr/lib/system/libsystem_notify.dylib
0x000000000f08e000 	/usr/lib/system/libsystem_sandbox.dylib
0x000000000f08e000 	/usr/lib/system/libsystem_secinit.dylib
0x000000000f08e000 	/usr/lib/system/libsystem_kernel.dylib
0x000000000f08e000 	/usr/lib/system/libsystem_platform.dylib
0x000000000f08e000 	/usr/lib/system/libsystem_pthread.dylib
0x000000000f08e000 	/usr/lib/system/libsystem_symptoms.dylib
0x000000000f08e000 	/usr/lib/system/libsystem_trace.dylib
0x000000000f08e000 	/usr/lib/system/libunwind.dylib
0x000000000f08e000 	/usr/lib/system/libxpc.dylib
0x000000000f08e000 	/usr/lib/closure/libclosured.dylib
0x000000000f08e000 	/usr/lib/libbsm.0.dylib
0x000000000f08e000 	/usr/lib/system/libkxld.dylib
0x000000000f08e000 	/usr/lib/libOpenScriptingUtil.dylib
0x000000000f08e000 	/usr/lib/libcoretls.dylib
0x000000000f08e000 	/usr/lib/libcoretls_cfhelpers.dylib
0x000000000f08e000 	/usr/lib/libpam.2.dylib
0x000000000f08e000 	/usr/lib/libsqlite3.dylib
0x000000000f08e000 	/usr/lib/libxar.1.dylib
0x000000000f08e000 	/usr/lib/libbz2.1.0.dylib
0x000000000f08e000 	/usr/lib/liblzma.5.dylib
0x000000000f08e000 	/usr/lib/libnetwork.dylib
0x000000000f08e000 	/usr/lib/libapple_nghttp2.dylib
0x000000000f08e000 	/usr/lib/libpcap.A.dylib
0x000000000f08e000 	/usr/lib/libboringssl.dylib
0x000000000f08e000 	/usr/lib/libusrtcp.dylib
0x000000000f08e000 	/usr/lib/libapple_crypto.dylib
0x000000000f08e000 	/System/Library/Frameworks/CoreServices.framework/Versions/A/Frameworks/FSEvents.framework/Versions/A/FSEvents
0x000000000f08e000 	/System/Library/Frameworks/CoreServices.framework/Versions/A/Frameworks/CarbonCore.framework/Versions/A/CarbonCore
0x000000000f08e000 	/System/Library/Frameworks/CoreServices.framework/Versions/A/Frameworks/Metadata.framework/Versions/A/Metadata
0x000000000f08e000 	/System/Library/Frameworks/CoreServices.framework/Versions/A/Frameworks/OSServices.framework/Versions/A/OSServices
0x000000000f08e000 	/System/Library/Frameworks/CoreServices.framework/Versions/A/Frameworks/SearchKit.framework/Versions/A/SearchKit
0x000000000f08e000 	/System/Library/Frameworks/CoreServices.framework/Versions/A/Frameworks/AE.framework/Versions/A/AE
0x000000000f08e000 	/System/Library/Frameworks/CoreServices.framework/Versions/A/Frameworks/LaunchServices.framework/Versions/A/LaunchServices
0x000000000f08e000 	/System/Library/Frameworks/CoreServices.framework/Versions/A/Frameworks/DictionaryServices.framework/Versions/A/DictionaryServices
0x000000000f08e000 	/System/Library/Frameworks/CoreServices.framework/Versions/A/Frameworks/SharedFileList.framework/Versions/A/SharedFileList
0x000000000f08e000 	/System/Library/Frameworks/NetFS.framework/Versions/A/NetFS
0x000000000f08e000 	/System/Library/PrivateFrameworks/NetAuth.framework/Versions/A/NetAuth
0x000000000f08e000 	/System/Library/PrivateFrameworks/login.framework/Versions/A/Frameworks/loginsupport.framework/Versions/A/loginsupport
0x000000000f08e000 	/System/Library/PrivateFrameworks/TCC.framework/Versions/A/TCC
0x000000000f08e000 	/usr/lib/libmecabra.dylib
0x000000000f08e000 	/System/Library/Frameworks/ApplicationServices.framework/Versions/A/Frameworks/ATS.framework/Versions/A/ATS
0x000000000f08e000 	/System/Library/Frameworks/ApplicationServices.framework/Versions/A/Frameworks/ColorSyncLegacy.framework/Versions/A/ColorSyncLegacy
0x000000000f08e000 	/System/Library/Frameworks/ApplicationServices.framework/Versions/A/Frameworks/HIServices.framework/Versions/A/HIServices
0x000000000f08e000 	/System/Library/Frameworks/ApplicationServices.framework/Versions/A/Frameworks/LangAnalysis.framework/Versions/A/LangAnalysis
0x000000000f08e000 	/System/Library/Frameworks/ApplicationServices.framework/Versions/A/Frameworks/PrintCore.framework/Versions/A/PrintCore
0x000000000f08e000 	/System/Library/Frameworks/ApplicationServices.framework/Versions/A/Frameworks/QD.framework/Versions/A/QD
0x000000000f08e000 	/System/Library/Frameworks/ApplicationServices.framework/Versions/A/Frameworks/SpeechSynthesis.framework/Versions/A/SpeechSynthesis
0x000000000f08e000 	/System/Library/Frameworks/CoreDisplay.framework/Versions/A/CoreDisplay
0x000000000f08e000 	/System/Library/Frameworks/Accelerate.framework/Versions/A/Frameworks/vImage.framework/Versions/A/vImage
0x000000000f08e000 	/System/Library/Frameworks/Accelerate.framework/Versions/A/Frameworks/vecLib.framework/Versions/A/vecLib
0x000000000f08e000 	/System/Library/Frameworks/Accelerate.framework/Versions/A/Frameworks/vecLib.framework/Versions/A/libvDSP.dylib
0x000000000f08e000 	/System/Library/Frameworks/Accelerate.framework/Versions/A/Frameworks/vecLib.framework/Versions/A/libBNNS.dylib
0x000000000f08e000 	/System/Library/Frameworks/Accelerate.framework/Versions/A/Frameworks/vecLib.framework/Versions/A/libQuadrature.dylib
0x000000000f08e000 	/System/Library/Frameworks/Accelerate.framework/Versions/A/Frameworks/vecLib.framework/Versions/A/libvMisc.dylib
0x000000000f08e000 	/System/Library/Frameworks/Accelerate.framework/Versions/A/Frameworks/vecLib.framework/Versions/A/libLAPACK.dylib
0x000000000f08e000 	/System/Library/Frameworks/Accelerate.framework/Versions/A/Frameworks/vecLib.framework/Versions/A/libBLAS.dylib
0x000000000f08e000 	/System/Library/Frameworks/Accelerate.framework/Versions/A/Frameworks/vecLib.framework/Versions/A/libLinearAlgebra.dylib
0x000000000f08e000 	/System/Library/Frameworks/Accelerate.framework/Versions/A/Frameworks/vecLib.framework/Versions/A/libSparse.dylib
0x000000000f08e000 	/System/Library/Frameworks/Accelerate.framework/Versions/A/Frameworks/vecLib.framework/Versions/A/libSparseBLAS.dylib
0x000000000f08e000 	/System/Library/PrivateFrameworks/IOAccelerator.framework/Versions/A/IOAccelerator
0x000000000f08e000 	/System/Library/PrivateFrameworks/IOPresentment.framework/Versions/A/IOPresentment
0x000000000f08e000 	/System/Library/PrivateFrameworks/DSExternalDisplay.framework/Versions/A/DSExternalDisplay
0x000000000f08e000 	/System/Library/Frameworks/OpenGL.framework/Versions/A/Libraries/libCoreFSCache.dylib
0x000000000f08e000 	/System/Library/Frameworks/CoreVideo.framework/Versions/A/CoreVideo
0x000000000f08e000 	/System/Library/PrivateFrameworks/GraphVisualizer.framework/Versions/A/GraphVisualizer
0x000000000f08e000 	/System/Library/Frameworks/MetalPerformanceShaders.framework/Versions/A/MetalPerformanceShaders
0x000000000f08e000 	/usr/lib/libFosl_dynamic.dylib
0x000000000f08e000 	/System/Library/PrivateFrameworks/FaceCore.framework/Versions/A/FaceCore
0x000000000f08e000 	/System/Library/Frameworks/OpenCL.framework/Versions/A/OpenCL
0x000000000f08e000 	/usr/lib/libcompression.dylib
0x000000000f08e000 	/System/Library/Frameworks/ApplicationServices.framework/Versions/A/Frameworks/ATS.framework/Versions/A/Resources/libFontParser.dylib
0x000000000f08e000 	/System/Library/Frameworks/ApplicationServices.framework/Versions/A/Frameworks/ATS.framework/Versions/A/Resources/libFontRegistry.dylib
0x000000000f08e000 	/System/Library/Frameworks/ImageIO.framework/Versions/A/Resources/libJPEG.dylib
0x000000000f08e000 	/System/Library/Frameworks/ImageIO.framework/Versions/A/Resources/libTIFF.dylib
0x000000000f08e000 	/System/Library/Frameworks/ImageIO.framework/Versions/A/Resources/libPng.dylib
0x000000000f08e000 	/System/Library/Frameworks/ImageIO.framework/Versions/A/Resources/libGIF.dylib
0x000000000f08e000 	/System/Library/Frameworks/ImageIO.framework/Versions/A/Resources/libJP2.dylib
0x000000000f08e000 	/System/Library/Frameworks/ImageIO.framework/Versions/A/Resources/libRadiance.dylib
0x000000000f08e000 	/System/Library/PrivateFrameworks/AppleJPEG.framework/Versions/A/AppleJPEG
0x000000000f08e000 	/System/Library/PrivateFrameworks/MetalTools.framework/Versions/A/MetalTools
0x000000000f08e000 	/System/Library/Frameworks/MetalPerformanceShaders.framework/Frameworks/MPSCore.framework/Versions/A/MPSCore
0x000000000f08e000 	/System/Library/Frameworks/MetalPerformanceShaders.framework/Frameworks/MPSImage.framework/Versions/A/MPSImage
0x000000000f08e000 	/System/Library/Frameworks/MetalPerformanceShaders.framework/Frameworks/MPSMatrix.framework/Versions/A/MPSMatrix
0x000000000f08e000 	/System/Library/Frameworks/MetalPerformanceShaders.framework/Frameworks/MPSNeuralNetwork.framework/Versions/A/MPSNeuralNetwork
0x000000000f08e000 	/System/Library/Frameworks/OpenGL.framework/Versions/A/Libraries/libGLU.dylib
0x000000000f08e000 	/System/Library/Frameworks/OpenGL.framework/Versions/A/Libraries/libGFXShared.dylib
0x000000000f08e000 	/System/Library/Frameworks/OpenGL.framework/Versions/A/Libraries/libGL.dylib
0x000000000f08e000 	/System/Library/Frameworks/OpenGL.framework/Versions/A/Libraries/libGLImage.dylib
0x000000000f08e000 	/System/Library/Frameworks/OpenGL.framework/Versions/A/Libraries/libCVMSPluginSupport.dylib
0x000000000f08e000 	/System/Library/Frameworks/OpenGL.framework/Versions/A/Libraries/libCoreVMClient.dylib
0x000000000f08e000 	/usr/lib/libcups.2.dylib
0x000000000f08e000 	/System/Library/Frameworks/Kerberos.framework/Versions/A/Kerberos
0x000000000f08e000 	/System/Library/Frameworks/GSS.framework/Versions/A/GSS
0x000000000f08e000 	/usr/lib/libresolv.9.dylib
0x000000000f08e000 	/usr/lib/libiconv.2.dylib
0x000000000f08e000 	/System/Library/PrivateFrameworks/Heimdal.framework/Versions/A/Heimdal
0x000000000f08e000 	/usr/lib/libheimdal-asn1.dylib
0x000000000f08e000 	/System/Library/Frameworks/OpenDirectory.framework/Versions/A/OpenDirectory
0x000000000f08e000 	/System/Library/PrivateFrameworks/CommonAuth.framework/Versions/A/CommonAuth
0x000000000f08e000 	/System/Library/Frameworks/OpenDirectory.framework/Versions/A/Frameworks/CFOpenDirectory.framework/Versions/A/CFOpenDirectory
0x000000000f08e000 	/System/Library/Frameworks/SecurityFoundation.framework/Versions/A/SecurityFoundation
0x000000000f08e000 	/System/Library/PrivateFrameworks/APFS.framework/Versions/A/APFS
0x000000000f08e000 	/usr/lib/libutil.dylib
0x000000000f08e000 	/System/Library/PrivateFrameworks/AppleSauce.framework/Versions/A/AppleSauce
0x000000000f08e000 	/System/Library/PrivateFrameworks/LinguisticData.framework/Versions/A/LinguisticData
0x000000000f08e000 	/usr/lib/libmarisa.dylib
0x000000000f08e000 	/System/Library/PrivateFrameworks/Lexicon.framework/Versions/A/Lexicon
0x000000000f08e000 	/usr/lib/libChineseTokenizer.dylib
0x000000000f08e000 	/usr/lib/libcmph.dylib
0x000000000f08e000 	/System/Library/PrivateFrameworks/LanguageModeling.framework/Versions/A/LanguageModeling
0x000000000f08e000 	/System/Library/PrivateFrameworks/CoreEmoji.framework/Versions/A/CoreEmoji
0x000000000f08e000 	/System/Library/Frameworks/ServiceManagement.framework/Versions/A/ServiceManagement
0x000000000f08e000 	/System/Library/PrivateFrameworks/BackgroundTaskManagement.framework/Versions/A/BackgroundTaskManagement
0x000000000f08e000 	/usr/lib/libxslt.1.dylib
0x000000000f08e000 	/System/Library/Frameworks/Carbon.framework/Versions/A/Frameworks/Ink.framework/Versions/A/Ink
0x000000000f08e000 	/System/Library/PrivateFrameworks/TextureIO.framework/Versions/A/TextureIO
0x000000000f08e000 	/usr/lib/libate.dylib
0x000000000f08e000 	/System/Library/PrivateFrameworks/CrashReporterSupport.framework/Versions/A/CrashReporterSupport
0x000000000f08e000 	/System/Library/PrivateFrameworks/Sharing.framework/Versions/A/Sharing
0x000000000f08e000 	/System/Library/PrivateFrameworks/IconServices.framework/Versions/A/IconServices
0x000000000f08e000 	/System/Library/PrivateFrameworks/ProtocolBuffer.framework/Versions/A/ProtocolBuffer
0x000000000f08e000 	/System/Library/PrivateFrameworks/Apple80211.framework/Versions/A/Apple80211
0x000000000f08e000 	/System/Library/Frameworks/CoreWLAN.framework/Versions/A/CoreWLAN
0x000000000f08e000 	/System/Library/PrivateFrameworks/CoreUtils.framework/Versions/A/CoreUtils
0x000000000f08e000 	/System/Library/Frameworks/IOBluetooth.framework/Versions/A/IOBluetooth
0x000000000f08e000 	/System/Library/PrivateFrameworks/CoreWiFi.framework/Versions/A/CoreWiFi
0x000000000f08e000 	/System/Library/Frameworks/CoreBluetooth.framework/Versions/A/CoreBluetooth
0x000000000f08e000 	/System/Library/PrivateFrameworks/SignpostNotification.framework/Versions/A/SignpostNotification
0x000000000f08e000 	/System/Library/PrivateFrameworks/DebugSymbols.framework/Versions/A/DebugSymbols
0x000000000f08e000 	/System/Library/PrivateFrameworks/CoreSymbolication.framework/Versions/A/CoreSymbolication
0x000000000f08e000 	/System/Library/PrivateFrameworks/Symbolication.framework/Versions/A/Symbolication
0x000000000f08e000 	/System/Library/PrivateFrameworks/AppleFSCompression.framework/Versions/A/AppleFSCompression
0x000000000f08e000 	/System/Library/PrivateFrameworks/SpeechRecognitionCore.framework/Versions/A/SpeechRecognitionCore
0x000000010a510000 	/Library/Java/JavaVirtualMachines/jdk1.8.0_152.jdk/Contents/Home/jre/lib/server/libjvm.dylib
0x000000000f08e000 	/usr/lib/libstdc++.6.0.9.dylib
0x0000000109e00000 	/Library/Java/JavaVirtualMachines/jdk1.8.0_152.jdk/Contents/Home/jre/lib/libverify.dylib
0x0000000109e0e000 	/Library/Java/JavaVirtualMachines/jdk1.8.0_152.jdk/Contents/Home/jre/lib/libjava.dylib
0x0000000109e8c000 	/Library/Java/JavaVirtualMachines/jdk1.8.0_152.jdk/Contents/Home/jre/lib/libzip.dylib
0x00000001216ac000 	/Library/Java/JavaVirtualMachines/jdk1.8.0_152.jdk/Contents/Home/jre/lib/libmanagement.dylib

VM Arguments:
jvm_args: -Xmx1536m -Dfile.encoding=UTF-8 
java_command: edu.umd.cs.findbugs.FindBugs2 -xml:withMessages -auxclasspathFromInput -projectName JMRI -effort:max -high -nested:false -exclude /Users/rhwood/Developer/JMRI/JMRI/rhwood/JMRI/target/.spotbugs.xml -output /Users/rhwood/Developer/JMRI/JMRI/rhwood/JMRI/target/spotbugsTemp.xml /Users/rhwood/Developer/JMRI/JMRI/rhwood/JMRI/target/classes
java_class_path (initial): /Users/rhwood/.m2/repository/com/github/spotbugs/spotbugs-maven-plugin/3.1.1/spotbugs-maven-plugin-3.1.1.jar:/Users/rhwood/.m2/repository/com/github/spotbugs/spotbugs/3.1.1/spotbugs-3.1.1.jar:/Users/rhwood/.m2/repository/org/ow2/asm/asm/6.0/asm-6.0.jar:/Users/rhwood/.m2/repository/org/ow2/asm/asm-analysis/6.0/asm-analysis-6.0.jar:/Users/rhwood/.m2/repository/org/ow2/asm/asm-commons/6.0/asm-commons-6.0.jar:/Users/rhwood/.m2/repository/org/ow2/asm/asm-tree/6.0/asm-tree-6.0.jar:/Users/rhwood/.m2/repository/org/ow2/asm/asm-util/6.0/asm-util-6.0.jar:/Users/rhwood/.m2/repository/org/ow2/asm/asm-xml/6.0/asm-xml-6.0.jar:/Users/rhwood/.m2/repository/org/apache/bcel/bcel/6.1/bcel-6.1.jar:/Users/rhwood/.m2/repository/net/jcip/jcip-annotations/1.0/jcip-annotations-1.0.jar:/Users/rhwood/.m2/repository/dom4j/dom4j/1.6.1/dom4j-1.6.1.jar:/Users/rhwood/.m2/repository/jaxen/jaxen/1.1.6/jaxen-1.1.6.jar:/Users/rhwood/.m2/repository/commons-lang/commons-lang/2.6/commons-lang-2.6.jar:/Users/rhwood/.m2/repository/com/google/code/findbugs/jFormatString/3.0.0/jFormatString-3.0.0.jar:/Users/rhwood/.m2/repository/com/github/spotbugs/spotbugs-annotations/3.1.1/spotbugs-annotations-3.1.1.jar:/Users/rhwood/.m2/repository/com/google/code/findbugs/jsr305/3.0.2/jsr305-3.0.2.jar:/Users/rhwood/.m2/repository/org/apache/ant/ant/1.10.1/ant-1.10.1.jar:/Users/rhwood/.m2/repository/org/apache/ant/ant-launcher/1.10.1/ant-launcher-1.10.1.jar:/Users/rhwood/.m2/repository/org/apache/ant/ant-antlr/1.10.1/ant-antlr-1.10.1.jar:/Users/rhwood/.m2/repository/org/apache/ant/ant-junit/1.10.1/ant-junit-1.10.1.jar:/Users/rhwood/.m2/repository/junit/junit/4.11/junit-4.11.jar:/Users/rhwood/.m2/repository/org/hamcrest/hamcrest-core/1.3/hamcrest-core-1.3.jar:/Users/rhwood/.m2/repository/org/codehaus/groovy/groovy/2.4.13/groovy-2.4.13.jar:/Users/rhwood/.m2/repository/org/codehaus/groovy/groovy-ant/2.4.13/groovy-ant-2.4.13.jar:/Users/rhwood/.m2/repository/org/codehaus/groovy/groovy-groovydoc/2.4.
Launcher Type: SUN_STANDARD

Environment Variables:
JAVA_HOME=/Library/Java/JavaVirtualMachines/jdk1.8.0_152.jdk/Contents/Home
PATH=/usr/local/sbin:/usr/local/bin:/usr/bin:/bin:/usr/sbin:/sbin:/opt/X11/bin
SHELL=/bin/bash
DISPLAY=/private/tmp/com.apple.launchd.BtDNUnNFA8/org.macosforge.xquartz:0

Signal Handlers:
SIGSEGV: [libjvm.dylib+0x5b494d], sa_mask[0]=11111111011111110111111111111111, sa_flags=SA_ONSTACK|SA_RESTART|SA_SIGINFO
SIGBUS: [libjvm.dylib+0x5b494d], sa_mask[0]=11111111011111110111111111111111, sa_flags=SA_RESTART|SA_SIGINFO
SIGFPE: [libjvm.dylib+0x48ab54], sa_mask[0]=11111111011111110111111111111111, sa_flags=SA_RESTART|SA_SIGINFO
SIGPIPE: [libjvm.dylib+0x48ab54], sa_mask[0]=11111111011111110111111111111111, sa_flags=SA_RESTART|SA_SIGINFO
SIGXFSZ: [libjvm.dylib+0x48ab54], sa_mask[0]=11111111011111110111111111111111, sa_flags=SA_RESTART|SA_SIGINFO
SIGILL: [libjvm.dylib+0x48ab54], sa_mask[0]=11111111011111110111111111111111, sa_flags=SA_RESTART|SA_SIGINFO
SIGUSR1: SIG_DFL, sa_mask[0]=11011111011111100000000111000110, sa_flags=none
SIGUSR2: [libjvm.dylib+0x48a672], sa_mask[0]=00100000000000000000000000000000, sa_flags=SA_RESTART|SA_SIGINFO
SIGHUP: [libjvm.dylib+0x488c49], sa_mask[0]=11111111011111110111111111111111, sa_flags=SA_RESTART|SA_SIGINFO
SIGINT: [libjvm.dylib+0x488c49], sa_mask[0]=11111111011111110111111111111111, sa_flags=SA_RESTART|SA_SIGINFO
SIGTERM: [libjvm.dylib+0x488c49], sa_mask[0]=11111111011111110111111111111111, sa_flags=SA_RESTART|SA_SIGINFO
SIGQUIT: [libjvm.dylib+0x488c49], sa_mask[0]=11111111011111110111111111111111, sa_flags=SA_RESTART|SA_SIGINFO


---------------  S Y S T E M  ---------------

OS:Bsduname:Darwin 17.3.0 Darwin Kernel Version 17.3.0: Thu Nov  9 18:09:22 PST 2017; root:xnu-4570.31.3~1/RELEASE_X86_64 x86_64
rlimit: STACK 8192k, CORE 0k, NPROC 1418, NOFILE 10240, AS infinity
load average:17.17 16.67 14.49

CPU:total 4 (initial active 4) (2 cores per cpu, 2 threads per core) family 6 model 61 stepping 4, cmov, cx8, fxsr, mmx, sse, sse2, sse3, ssse3, sse4.1, sse4.2, popcnt, avx, avx2, aes, clmul, erms, 3dnowpref, lzcnt, ht, tsc, tscinvbit, bmi1, bmi2, adx

Memory: 4k page, physical 16777216k(36232k free)

/proc/meminfo:


vm_info: Java HotSpot(TM) 64-Bit Server VM (25.152-b16) for bsd-amd64 JRE (1.8.0_152-b16), built on Sep 14 2017 02:31:13 by "java_re" with gcc 4.2.1 (Based on Apple Inc. build 5658) (LLVM build 2336.11.00)

time: Mon Jan  8 07:42:47 2018
elapsed time: 165 seconds (0d 0h 2m 45s)

